<?xml version="1.0" encoding="UTF-8"?>
<robot generator="Robot 7.4.1 (Python 3.13.5 on win32)" generated="2026-03-23T09:38:18.970059" rpa="false" schemaversion="5">
<suite id="s1" name="Garege" source="C:\Users\PalmaiJanos\Documents\GitHub\Garege">
<suite id="s1-s1" name="Login" source="C:\Users\PalmaiJanos\Documents\GitHub\Garege\login.robot">
<kw name="Open Browser" owner="SeleniumLibrary" type="SETUP">
<msg time="2026-03-23T09:38:19.230571" level="INFO">Opening browser 'Chrome' to base url 'https://parking-garage-app.netlify.app/'.</msg>
<arg>https://parking-garage-app.netlify.app/</arg>
<arg>Chrome</arg>
<doc>Opens a new browser instance to the optional ``url``.</doc>
<status status="PASS" start="2026-03-23T09:38:19.230159" elapsed="1.227296"/>
</kw>
<test id="s1-s1-t1" name="Sikeres bejelentkezes ervenyes felhasznalonevvel es jelszoval" line="16">
<kw name="Click Button" owner="SeleniumLibrary">
<msg time="2026-03-23T09:38:20.462500" level="INFO">Clicking button 'class = css=.button.primary.svelte-amvzu1"'.</msg>
<msg time="2026-03-23T09:38:20.641476" level="INFO" html="true">&lt;/td&gt;&lt;/tr&gt;&lt;tr&gt;&lt;td colspan="3"&gt;&lt;a href="selenium-screenshot-69.png"&gt;&lt;img src="selenium-screenshot-69.png" width="800px"&gt;&lt;/a&gt;</msg>
<msg time="2026-03-23T09:38:20.641807" level="FAIL">InvalidSelectorException: Message: invalid selector: An invalid or illegal selector was specified
  (Session info: chrome=146.0.7680.80); For documentation on this error, please visit: https://www.selenium.dev/documentation/webdriver/troubleshooting/errors#invalidselectorexception
Stacktrace:
	chromedriver!GetHandleVerifier [0x7ff755f93045+14585]
	chromedriver!GetHandleVerifier [0x7ff755f930b0+145f0]
	chromedriver!(No symbol) [0x7ff755cfdb7d]
	chromedriver!(No symbol) [0x7ff755d05af1]
	chromedriver!(No symbol) [0x7ff755d08c15]
	chromedriver!(No symbol) [0x7ff755d08cdf]
	chromedriver!(No symbol) [0x7ff755d56b2e]
	chromedriver!(No symbol) [0x7ff755d576bc]
	chromedriver!(No symbol) [0x7ff755da7a87]
	chromedriver!(No symbol) [0x7ff755da45af]
	chromedriver!(No symbol) [0x7ff755d49a18]
	chromedriver!(No symbol) [0x7ff755d4a8f3]
	chromedriver!GetHandleVerifier [0x7ff75629ac5d+31c19d]
	chromedriver!GetHandleVerifier [0x7ff75629536d+3168ad]
	chromedriver!GetHandleVerifier [0x7ff7562b7d8a+3392ca]
	chromedriver!GetHandleVerifier [0x7ff755faf445+30985]
	chromedriver!GetHandleVerifier [0x7ff755fb84dc+39a1c]
	chromedriver!GetHandleVerifier [0x7ff755f9c634+1db74]
	chromedriver!GetHandleVerifier [0x7ff755f9c7e6+1dd26]
	chromedriver!GetHandleVerifier [0x7ff755f81387+28c7]
	KERNEL32!BaseThreadInitThunk [0x7ff99474e8d7+17]
	ntdll!RtlUserThreadStart [0x7ff995dfc34c+2c]
</msg>
<arg>class = ${LOGIN_BUTTON_CLASS}"</arg>
<doc>Clicks the button identified by ``locator``.</doc>
<status status="FAIL" start="2026-03-23T09:38:20.461791" elapsed="0.188624">InvalidSelectorException: Message: invalid selector: An invalid or illegal selector was specified
  (Session info: chrome=146.0.7680.80); For documentation on this error, please visit: https://www.selenium.dev/documentation/webdriver/troubleshooting/errors#invalidselectorexception
Stacktrace:
	chromedriver!GetHandleVerifier [0x7ff755f93045+14585]
	chromedriver!GetHandleVerifier [0x7ff755f930b0+145f0]
	chromedriver!(No symbol) [0x7ff755cfdb7d]
	chromedriver!(No symbol) [0x7ff755d05af1]
	chromedriver!(No symbol) [0x7ff755d08c15]
	chromedriver!(No symbol) [0x7ff755d08cdf]
	chromedriver!(No symbol) [0x7ff755d56b2e]
	chromedriver!(No symbol) [0x7ff755d576bc]
	chromedriver!(No symbol) [0x7ff755da7a87]
	chromedriver!(No symbol) [0x7ff755da45af]
	chromedriver!(No symbol) [0x7ff755d49a18]
	chromedriver!(No symbol) [0x7ff755d4a8f3]
	chromedriver!GetHandleVerifier [0x7ff75629ac5d+31c19d]
	chromedriver!GetHandleVerifier [0x7ff75629536d+3168ad]
	chromedriver!GetHandleVerifier [0x7ff7562b7d8a+3392ca]
	chromedriver!GetHandleVerifier [0x7ff755faf445+30985]
	chromedriver!GetHandleVerifier [0x7ff755fb84dc+39a1c]
	chromedriver!GetHandleVerifier [0x7ff755f9c634+1db74]
	chromedriver!GetHandleVerifier [0x7ff755f9c7e6+1dd26]
	chromedriver!GetHandleVerifier [0x7ff755f81387+28c7]
	KERNEL32!BaseThreadInitThunk [0x7ff99474e8d7+17]
	ntdll!RtlUserThreadStart [0x7ff995dfc34c+2c]
</status>
</kw>
<kw name="Input Text" owner="SeleniumLibrary">
<arg>id=email</arg>
<arg>${VALID_USER}</arg>
<doc>Types the given ``text`` into the text field identified by ``locator``.</doc>
<status status="NOT RUN" start="2026-03-23T09:38:20.650789" elapsed="0.000151"/>
</kw>
<kw name="Input Text" owner="SeleniumLibrary">
<arg>id=password</arg>
<arg>${VALID_PASSWORD}</arg>
<doc>Types the given ``text`` into the text field identified by ``locator``.</doc>
<status status="NOT RUN" start="2026-03-23T09:38:20.651200" elapsed="0.000125"/>
</kw>
<kw name="Wait Until Page Contains Element" owner="SeleniumLibrary">
<arg>"Parkolóház"</arg>
<doc>Waits until the element ``locator`` appears on the current page.</doc>
<status status="NOT RUN" start="2026-03-23T09:38:20.651567" elapsed="0.000112"/>
</kw>
<tag>login</tag>
<status status="FAIL" start="2026-03-23T09:38:20.457740" elapsed="0.194245">InvalidSelectorException: Message: invalid selector: An invalid or illegal selector was specified
  (Session info: chrome=146.0.7680.80); For documentation on this error, please visit: https://www.selenium.dev/documentation/webdriver/troubleshooting/errors#invalidselectorexception
Stacktrace:
	chromedriver!GetHandleVerifier [0x7ff755f93045+14585]
	chromedriver!GetHandleVerifier [0x7ff755f930b0+145f0]
	chromedriver!(No symbol) [0x7ff755cfdb7d]
	chromedriver!(No symbol) [0x7ff755d05af1]
	chromedriver!(No symbol) [0x7ff755d08c15]
	chromedriver!(No symbol) [0x7ff755d08cdf]
	chromedriver!(No symbol) [0x7ff755d56b2e]
	chromedriver!(No symbol) [0x7ff755d576bc]
	chromedriver!(No symbol) [0x7ff755da7a87]
	chromedriver!(No symbol) [0x7ff755da45af]
	chromedriver!(No symbol) [0x7ff755d49a18]
	chromedriver!(No symbol) [0x7ff755d4a8f3]
	chromedriver!GetHandleVerifier [0x7ff75629ac5d+31c19d]
	chromedriver!GetHandleVerifier [0x7ff75629536d+3168ad]
	chromedriver!GetHandleVerifier [0x7ff7562b7d8a+3392ca]
	chromedriver!GetHandleVerifier [0x7ff755faf445+30985]
	chromedriver!GetHandleVerifier [0x7ff755fb84dc+39a1c]
	chromedriver!GetHandleVerifier [0x7ff755f9c634+1db74]
	chromedriver!GetHandleVerifier [0x7ff755f9c7e6+1dd26]
	chromedriver!GetHandleVerifier [0x7ff755f81387+28c7]
	KERNEL32!BaseThreadInitThunk [0x7ff99474e8d7+17]
	ntdll!RtlUserThreadStart [0x7ff995dfc34c+2c]
</status>
</test>
<test id="s1-s1-t2" name="Sikertelen bejelentkezes hibas jelszo eseten" line="23">
<kw name="Input Text" owner="SeleniumLibrary">
<msg time="2026-03-23T09:38:20.663553" level="INFO">Typing text 'admin' into text field 'id=username'.</msg>
<msg time="2026-03-23T09:38:20.831907" level="INFO" html="true">&lt;/td&gt;&lt;/tr&gt;&lt;tr&gt;&lt;td colspan="3"&gt;&lt;a href="selenium-screenshot-70.png"&gt;&lt;img src="selenium-screenshot-70.png" width="800px"&gt;&lt;/a&gt;</msg>
<msg time="2026-03-23T09:38:20.833003" level="FAIL">Element with locator 'id=username' not found.</msg>
<arg>id=username</arg>
<arg>${VALID_USER}</arg>
<doc>Types the given ``text`` into the text field identified by ``locator``.</doc>
<status status="FAIL" start="2026-03-23T09:38:20.663183" elapsed="0.182688">Element with locator 'id=username' not found.</status>
</kw>
<kw name="Input Text" owner="SeleniumLibrary">
<arg>id=password</arg>
<arg>${INVALID_PASSWORD}</arg>
<doc>Types the given ``text`` into the text field identified by ``locator``.</doc>
<status status="NOT RUN" start="2026-03-23T09:38:20.846396" elapsed="0.000226"/>
</kw>
<kw name="Click Button" owner="SeleniumLibrary">
<arg>class = ${LOGIN_BUTTON_CLASS}</arg>
<doc>Clicks the button identified by ``locator``.</doc>
<status status="NOT RUN" start="2026-03-23T09:38:20.846992" elapsed="0.000185"/>
</kw>
<kw name="Wait Until Page Contains" owner="SeleniumLibrary">
<arg>Hibás felhasználónév vagy jelszó</arg>
<doc>Waits until ``text`` appears on the current page.</doc>
<status status="NOT RUN" start="2026-03-23T09:38:20.847525" elapsed="0.000171"/>
</kw>
<tag>login</tag>
<status status="FAIL" start="2026-03-23T09:38:20.659653" elapsed="0.188597">Element with locator 'id=username' not found.</status>
</test>
<test id="s1-s1-t3" name="Sikertelen bejelentkezes nem letezo felhasznaloval" line="30">
<kw name="Input Text" owner="SeleniumLibrary">
<msg time="2026-03-23T09:38:20.860968" level="INFO">Typing text 'notexist' into text field 'id=username'.</msg>
<msg time="2026-03-23T09:38:21.001309" level="INFO" html="true">&lt;/td&gt;&lt;/tr&gt;&lt;tr&gt;&lt;td colspan="3"&gt;&lt;a href="selenium-screenshot-71.png"&gt;&lt;img src="selenium-screenshot-71.png" width="800px"&gt;&lt;/a&gt;</msg>
<msg time="2026-03-23T09:38:21.001572" level="FAIL">Element with locator 'id=username' not found.</msg>
<arg>id=username</arg>
<arg>${INVALID_USER}</arg>
<doc>Types the given ``text`` into the text field identified by ``locator``.</doc>
<status status="FAIL" start="2026-03-23T09:38:20.860546" elapsed="0.146226">Element with locator 'id=username' not found.</status>
</kw>
<kw name="Input Text" owner="SeleniumLibrary">
<arg>id=password</arg>
<arg>${INVALID_PASSWORD}</arg>
<doc>Types the given ``text`` into the text field identified by ``locator``.</doc>
<status status="NOT RUN" start="2026-03-23T09:38:21.007150" elapsed="0.000134"/>
</kw>
<kw name="Click Button" owner="SeleniumLibrary">
<arg>class = ${LOGIN_BUTTON_CLASS}</arg>
<doc>Clicks the button identified by ``locator``.</doc>
<status status="NOT RUN" start="2026-03-23T09:38:21.007523" elapsed="0.000130"/>
</kw>
<kw name="Wait Until Page Contains" owner="SeleniumLibrary">
<arg>Hibás felhasználónév vagy jelszó</arg>
<doc>Waits until ``text`` appears on the current page.</doc>
<status status="NOT RUN" start="2026-03-23T09:38:21.007924" elapsed="0.000112"/>
</kw>
<tag>login</tag>
<status status="FAIL" start="2026-03-23T09:38:20.855439" elapsed="0.152890">Element with locator 'id=username' not found.</status>
</test>
<test id="s1-s1-t4" name="Kotelezo mezok ellenorzese ures bejelentkezesi adatoknal" line="37">
<kw name="Click Button" owner="SeleniumLibrary">
<msg time="2026-03-23T09:38:21.016440" level="INFO">Clicking button 'class = css=.button.primary.svelte-amvzu1'.</msg>
<msg time="2026-03-23T09:38:21.194950" level="INFO" html="true">&lt;/td&gt;&lt;/tr&gt;&lt;tr&gt;&lt;td colspan="3"&gt;&lt;a href="selenium-screenshot-72.png"&gt;&lt;img src="selenium-screenshot-72.png" width="800px"&gt;&lt;/a&gt;</msg>
<msg time="2026-03-23T09:38:21.195254" level="FAIL">InvalidSelectorException: Message: invalid selector: An invalid or illegal selector was specified
  (Session info: chrome=146.0.7680.80); For documentation on this error, please visit: https://www.selenium.dev/documentation/webdriver/troubleshooting/errors#invalidselectorexception
Stacktrace:
	chromedriver!GetHandleVerifier [0x7ff755f93045+14585]
	chromedriver!GetHandleVerifier [0x7ff755f930b0+145f0]
	chromedriver!(No symbol) [0x7ff755cfdb7d]
	chromedriver!(No symbol) [0x7ff755d05af1]
	chromedriver!(No symbol) [0x7ff755d08c15]
	chromedriver!(No symbol) [0x7ff755d08cdf]
	chromedriver!(No symbol) [0x7ff755d56b2e]
	chromedriver!(No symbol) [0x7ff755d576bc]
	chromedriver!(No symbol) [0x7ff755da7a87]
	chromedriver!(No symbol) [0x7ff755da45af]
	chromedriver!(No symbol) [0x7ff755d49a18]
	chromedriver!(No symbol) [0x7ff755d4a8f3]
	chromedriver!GetHandleVerifier [0x7ff75629ac5d+31c19d]
	chromedriver!GetHandleVerifier [0x7ff75629536d+3168ad]
	chromedriver!GetHandleVerifier [0x7ff7562b7d8a+3392ca]
	chromedriver!GetHandleVerifier [0x7ff755faf445+30985]
	chromedriver!GetHandleVerifier [0x7ff755fb84dc+39a1c]
	chromedriver!GetHandleVerifier [0x7ff755f9c634+1db74]
	chromedriver!GetHandleVerifier [0x7ff755f9c7e6+1dd26]
	chromedriver!GetHandleVerifier [0x7ff755f81387+28c7]
	KERNEL32!BaseThreadInitThunk [0x7ff99474e8d7+17]
	ntdll!RtlUserThreadStart [0x7ff995dfc34c+2c]
</msg>
<arg>class = ${LOGIN_BUTTON_CLASS}</arg>
<doc>Clicks the button identified by ``locator``.</doc>
<status status="FAIL" start="2026-03-23T09:38:21.016068" elapsed="0.185027">InvalidSelectorException: Message: invalid selector: An invalid or illegal selector was specified
  (Session info: chrome=146.0.7680.80); For documentation on this error, please visit: https://www.selenium.dev/documentation/webdriver/troubleshooting/errors#invalidselectorexception
Stacktrace:
	chromedriver!GetHandleVerifier [0x7ff755f93045+14585]
	chromedriver!GetHandleVerifier [0x7ff755f930b0+145f0]
	chromedriver!(No symbol) [0x7ff755cfdb7d]
	chromedriver!(No symbol) [0x7ff755d05af1]
	chromedriver!(No symbol) [0x7ff755d08c15]
	chromedriver!(No symbol) [0x7ff755d08cdf]
	chromedriver!(No symbol) [0x7ff755d56b2e]
	chromedriver!(No symbol) [0x7ff755d576bc]
	chromedriver!(No symbol) [0x7ff755da7a87]
	chromedriver!(No symbol) [0x7ff755da45af]
	chromedriver!(No symbol) [0x7ff755d49a18]
	chromedriver!(No symbol) [0x7ff755d4a8f3]
	chromedriver!GetHandleVerifier [0x7ff75629ac5d+31c19d]
	chromedriver!GetHandleVerifier [0x7ff75629536d+3168ad]
	chromedriver!GetHandleVerifier [0x7ff7562b7d8a+3392ca]
	chromedriver!GetHandleVerifier [0x7ff755faf445+30985]
	chromedriver!GetHandleVerifier [0x7ff755fb84dc+39a1c]
	chromedriver!GetHandleVerifier [0x7ff755f9c634+1db74]
	chromedriver!GetHandleVerifier [0x7ff755f9c7e6+1dd26]
	chromedriver!GetHandleVerifier [0x7ff755f81387+28c7]
	KERNEL32!BaseThreadInitThunk [0x7ff99474e8d7+17]
	ntdll!RtlUserThreadStart [0x7ff995dfc34c+2c]
</status>
</kw>
<kw name="Wait Until Page Contains" owner="SeleniumLibrary">
<arg>A felhasználónév megadása kötelező</arg>
<doc>Waits until ``text`` appears on the current page.</doc>
<status status="NOT RUN" start="2026-03-23T09:38:21.201496" elapsed="0.000146"/>
</kw>
<kw name="Wait Until Page Contains" owner="SeleniumLibrary">
<arg>A jelszó megadása kötelező</arg>
<doc>Waits until ``text`` appears on the current page.</doc>
<status status="NOT RUN" start="2026-03-23T09:38:21.201921" elapsed="0.000119"/>
</kw>
<tag>login</tag>
<status status="FAIL" start="2026-03-23T09:38:21.012621" elapsed="0.189692">InvalidSelectorException: Message: invalid selector: An invalid or illegal selector was specified
  (Session info: chrome=146.0.7680.80); For documentation on this error, please visit: https://www.selenium.dev/documentation/webdriver/troubleshooting/errors#invalidselectorexception
Stacktrace:
	chromedriver!GetHandleVerifier [0x7ff755f93045+14585]
	chromedriver!GetHandleVerifier [0x7ff755f930b0+145f0]
	chromedriver!(No symbol) [0x7ff755cfdb7d]
	chromedriver!(No symbol) [0x7ff755d05af1]
	chromedriver!(No symbol) [0x7ff755d08c15]
	chromedriver!(No symbol) [0x7ff755d08cdf]
	chromedriver!(No symbol) [0x7ff755d56b2e]
	chromedriver!(No symbol) [0x7ff755d576bc]
	chromedriver!(No symbol) [0x7ff755da7a87]
	chromedriver!(No symbol) [0x7ff755da45af]
	chromedriver!(No symbol) [0x7ff755d49a18]
	chromedriver!(No symbol) [0x7ff755d4a8f3]
	chromedriver!GetHandleVerifier [0x7ff75629ac5d+31c19d]
	chromedriver!GetHandleVerifier [0x7ff75629536d+3168ad]
	chromedriver!GetHandleVerifier [0x7ff7562b7d8a+3392ca]
	chromedriver!GetHandleVerifier [0x7ff755faf445+30985]
	chromedriver!GetHandleVerifier [0x7ff755fb84dc+39a1c]
	chromedriver!GetHandleVerifier [0x7ff755f9c634+1db74]
	chromedriver!GetHandleVerifier [0x7ff755f9c7e6+1dd26]
	chromedriver!GetHandleVerifier [0x7ff755f81387+28c7]
	KERNEL32!BaseThreadInitThunk [0x7ff99474e8d7+17]
	ntdll!RtlUserThreadStart [0x7ff995dfc34c+2c]
</status>
</test>
<test id="s1-s1-t5" name="Hibauzenet helyes megjelenitese sikertelen bejelentkezesnel" line="43">
<kw name="Input Text" owner="SeleniumLibrary">
<msg time="2026-03-23T09:38:21.212842" level="INFO">Typing text 'admin' into text field 'id=username'.</msg>
<msg time="2026-03-23T09:38:21.342439" level="INFO" html="true">&lt;/td&gt;&lt;/tr&gt;&lt;tr&gt;&lt;td colspan="3"&gt;&lt;a href="selenium-screenshot-73.png"&gt;&lt;img src="selenium-screenshot-73.png" width="800px"&gt;&lt;/a&gt;</msg>
<msg time="2026-03-23T09:38:21.342703" level="FAIL">Element with locator 'id=username' not found.</msg>
<arg>id=username</arg>
<arg>${VALID_USER}</arg>
<doc>Types the given ``text`` into the text field identified by ``locator``.</doc>
<status status="FAIL" start="2026-03-23T09:38:21.212510" elapsed="0.135202">Element with locator 'id=username' not found.</status>
</kw>
<kw name="Input Text" owner="SeleniumLibrary">
<arg>id=password</arg>
<arg>${INVALID_PASSWORD}</arg>
<doc>Types the given ``text`` into the text field identified by ``locator``.</doc>
<status status="NOT RUN" start="2026-03-23T09:38:21.348094" elapsed="0.000144"/>
</kw>
<kw name="Click Button" owner="SeleniumLibrary">
<arg>class = ${LOGIN_BUTTON_CLASS}</arg>
<doc>Clicks the button identified by ``locator``.</doc>
<status status="NOT RUN" start="2026-03-23T09:38:21.348509" elapsed="0.000115"/>
</kw>
<kw name="Wait Until Page Contains Element" owner="SeleniumLibrary">
<arg>css=.alert-danger</arg>
<doc>Waits until the element ``locator`` appears on the current page.</doc>
<status status="NOT RUN" start="2026-03-23T09:38:21.348881" elapsed="0.000107"/>
</kw>
<tag>login</tag>
<status status="FAIL" start="2026-03-23T09:38:21.209432" elapsed="0.139846">Element with locator 'id=username' not found.</status>
</test>
<test id="s1-s1-t6" name="Kijelentkezes utan vedett oldalak eleresenek tiltasa" line="50">
<kw name="Input Text" owner="SeleniumLibrary">
<msg time="2026-03-23T09:38:21.360462" level="INFO">Typing text 'admin' into text field 'id=username'.</msg>
<msg time="2026-03-23T09:38:21.491717" level="INFO" html="true">&lt;/td&gt;&lt;/tr&gt;&lt;tr&gt;&lt;td colspan="3"&gt;&lt;a href="selenium-screenshot-74.png"&gt;&lt;img src="selenium-screenshot-74.png" width="800px"&gt;&lt;/a&gt;</msg>
<msg time="2026-03-23T09:38:21.491990" level="FAIL">Element with locator 'id=username' not found.</msg>
<arg>id=username</arg>
<arg>${VALID_USER}</arg>
<doc>Types the given ``text`` into the text field identified by ``locator``.</doc>
<status status="FAIL" start="2026-03-23T09:38:21.360113" elapsed="0.136673">Element with locator 'id=username' not found.</status>
</kw>
<kw name="Input Text" owner="SeleniumLibrary">
<arg>id=password</arg>
<arg>${VALID_PASSWORD}</arg>
<doc>Types the given ``text`` into the text field identified by ``locator``.</doc>
<status status="NOT RUN" start="2026-03-23T09:38:21.497161" elapsed="0.000138"/>
</kw>
<kw name="Click Button" owner="SeleniumLibrary">
<arg>class = ${LOGIN_BUTTON_CLASS}</arg>
<doc>Clicks the button identified by ``locator``.</doc>
<status status="NOT RUN" start="2026-03-23T09:38:21.497541" elapsed="0.000116"/>
</kw>
<kw name="Wait Until Page Contains Element" owner="SeleniumLibrary">
<arg>id=logout-btn</arg>
<doc>Waits until the element ``locator`` appears on the current page.</doc>
<status status="NOT RUN" start="2026-03-23T09:38:21.497897" elapsed="0.000106"/>
</kw>
<kw name="Click Button" owner="SeleniumLibrary">
<arg>id=logout-btn</arg>
<doc>Clicks the button identified by ``locator``.</doc>
<status status="NOT RUN" start="2026-03-23T09:38:21.498223" elapsed="0.000104"/>
</kw>
<kw name="Go To" owner="SeleniumLibrary">
<arg>http://localhost:5173/dashboard</arg>
<doc>Navigates the current browser window to the provided ``url``.</doc>
<status status="NOT RUN" start="2026-03-23T09:38:21.498544" elapsed="0.000102"/>
</kw>
<kw name="Wait Until Page Contains" owner="SeleniumLibrary">
<arg>Bejelentkezés szükséges</arg>
<doc>Waits until ``text`` appears on the current page.</doc>
<status status="NOT RUN" start="2026-03-23T09:38:21.498866" elapsed="0.000108"/>
</kw>
<tag>login</tag>
<status status="FAIL" start="2026-03-23T09:38:21.353421" elapsed="0.145814">Element with locator 'id=username' not found.</status>
</test>
<kw name="Close Browser" owner="SeleniumLibrary" type="TEARDOWN">
<doc>Closes the current browser.</doc>
<status status="PASS" start="2026-03-23T09:38:21.503518" elapsed="2.183692"/>
</kw>
<status status="FAIL" start="2026-03-23T09:38:19.014556" elapsed="4.673189"/>
</suite>
<status status="FAIL" start="2026-03-23T09:38:18.975171" elapsed="4.726454"/>
</suite>
<statistics>
<total>
<stat pass="0" fail="6" skip="0">All Tests</stat>
</total>
<tag>
<stat pass="0" fail="6" skip="0">login</stat>
</tag>
<suite>
<stat name="Garege" id="s1" pass="0" fail="6" skip="0">Garege</stat>
<stat name="Login" id="s1-s1" pass="0" fail="6" skip="0">Garege.Login</stat>
</suite>
</statistics>
<errors>
</errors>
</robot>
